<?xml version="1.0" encoding="UTF-8"?>
<!-- Generated by org.testng.reporters.JUnitReportReporter -->
<testsuite hostname="Deetya" name="com.mitchell.api.tests.ServiceLevelTests" tests="5" failures="0" timestamp="3 Jul 2016 03:37:43 GMT" time="7.881" errors="0">
  <testcase name="testGetCallByID" time="0.912" classname="com.mitchell.api.tests.ServiceLevelTests"/>
  <testcase name="testPostCall" time="0.282" classname="com.mitchell.api.tests.ServiceLevelTests"/>
  <testcase name="testGetCall" time="5.601" classname="com.mitchell.api.tests.ServiceLevelTests"/>
  <testcase name="testPutCall" time="0.484" classname="com.mitchell.api.tests.ServiceLevelTests"/>
  <testcase name="testDeleteCall" time="0.602" classname="com.mitchell.api.tests.ServiceLevelTests"/>
</testsuite> <!-- com.mitchell.api.tests.ServiceLevelTests -->
